<testng-results>
  <reporter-output>
  </reporter-output>
  <suite name="Test PSS-WEB" duration-ms="17453" started-at="2010-12-21T09:29:04Z" finished-at="2010-12-21T09:29:21Z">
    <groups>
    </groups>
    <test name="Test Login" duration-ms="17453" started-at="2010-12-21T09:29:04Z" finished-at="2010-12-21T09:29:21Z">
      <class name="tpss.testCases.TestLoginTestCase">
        <test-method status="PASS" signature="setup()" name="setup on instance null(tpss.testCases.TestLoginTestCase)" is-config="true" duration-ms="4328" started-at="2010-12-21T09:29:04Z" finished-at="2010-12-21T09:29:08Z">
        </test-method>
        <test-method status="PASS" signature="testLogin(java.lang.String)" name="testLogin on instance null(tpss.testCases.TestLoginTestCase)" duration-ms="12563" started-at="2010-12-21T09:29:08Z" finished-at="2010-12-21T09:29:21Z">
          <params>
            <param index="0">
              <value>
                <![CDATA[/resources/login_para.xml]]>
              </value>
            </param>
          </params>
        </test-method>
        <test-method status="PASS" signature="stop()" name="stop on instance null(tpss.testCases.TestLoginTestCase)" is-config="true" duration-ms="562" started-at="2010-12-21T09:29:21Z" finished-at="2010-12-21T09:29:21Z">
        </test-method>
      </class>
    </test>
  </suite>
</testng-results>
